This file contains any messages produced by compilers while
running configure, to aid debugging if configure makes a mistake.

It was created by configure, which was
generated by GNU Autoconf 2.61.  Invocation command line was

  $ ./configure 

## --------- ##
## Platform. ##
## --------- ##

hostname = sallyhlt
uname -m = i686
uname -r = 1.5.25(0.156/4/2)
uname -s = CYGWIN_NT-5.1
uname -v = 2008-06-12 19:34

/usr/bin/uname -p = unknown
/bin/uname -X     = unknown

/bin/arch              = i686
/usr/bin/arch -k       = unknown
/usr/convex/getsysinfo = unknown
/usr/bin/hostinfo      = unknown
/bin/machine           = unknown
/usr/bin/oslevel       = unknown
/bin/universe          = unknown

PATH: .
PATH: /bin_pri
PATH: /cygdrive/c/Perl/bin/
PATH: /cygdrive/c/texlive2005/bin/win32
PATH: /cygdrive/c/projekty/cima/emb/bin
PATH: /cygdrive/c/CVSPrague/emb_442/rel/bin/win32
PATH: /cygdrive/c/java/jre1.5.0_11/bin
PATH: /cygdrive/c/java/jre1.5.0_11/bin/client
PATH: /cygdrive/c/java/jdk1.5.0_11/bin
PATH: /cygdrive/c/java/apache-ant-1.7.0/bin
PATH: /cygdrive/c/Program Files/msdev/VC7/BIN
PATH: /cygdrive/c/Program Files/msdev/Common7/IDE
PATH: /cygdrive/c/Program Files/msdev/Common7/Tools
PATH: /cygdrive/c/Program Files/msdev/Common7/Tools/bin/prerelease
PATH: /cygdrive/c/Program Files/msdev/Common7/Tools/bin
PATH: /cygdrive/c/Program Files/msdev/SDK/v1.1/bin
PATH: /cygdrive/c/WINDOWS/Microsoft.NET/Framework/v1.1.4322
PATH: /cygdrive/c/WINDOWS/system32
PATH: /cygdrive/c/WINDOWS
PATH: /cygdrive/c/WINDOWS/System32/Wbem
PATH: /cygdrive/c/programs/evv4.4.1.1/shrp1/lib/nt/x86/common
PATH: /cygdrive/c/programs/evv4.4.1.1/shrp1/lib/nt/x86/waveio
PATH: /cygdrive/c/Program Files/GIMP20/bin
PATH: /cygdrive/c/Program Files/GTK20/bin
PATH: /cygdrive/c/Python/
PATH: /cygdrive/c/Tcl/bin
PATH: /cygdrive/c/Program Files/cvsnt
PATH: /usr/bin
PATH: /cygdrive/c/TeXLive2005/bin/win32
PATH: /cygdrive/c/Program Files/ThinkPad/Utilities
PATH: /cygdrive/c/Program Files/IBM/Infoprint Select
PATH: /cygdrive/c/Notes
PATH: /cygdrive/c/Program Files/XLView
PATH: /cygdrive/c/lotus/compnent
PATH: /cygdrive/c/Utilities
PATH: /cygdrive/c/IBMTOOLS/Python22
PATH: /cygdrive/c/WINDOWS/Downloaded Program Files
PATH: /usr/bin
PATH: /cygdrive/c/Program Files/scite
PATH: /cygdrive/c/Program Files/uedit
PATH: /cygdrive/c/java/apache-ant-1.6.5/bin
PATH: /cygdrive/c/Program Files/cvsnt
PATH: /cygdrive/c/Program Files/ATI Technologies/ATI Control Panel
PATH: /cygdrive/c/eve/win/charlie/bin
PATH: /cygdrive/c/web/php
PATH: /cygdrive/c/programs/mysql50/bin
PATH: /usr/X11R6/bin
PATH: /usr/lib/lapack
PATH: /cygdrive/c/Program Files/Intel/Wireless/Bin
PATH: /cygdrive/c/NLU/cvsnlu/bin
PATH: /cygdrive/c/Program Files/Lame
PATH: /cygdrive/c/Program Files/gs/gs8.51/bin
PATH: /cygdrive/c/Program Files/gs/gs8.51/lib
PATH: /cygdrive/c/Program Files/ghostgum/gsview
PATH: /cygdrive/c/Program Files/Rational/common
PATH: /cygdrive/c/Program Files/WinSCP/
PATH: /cygdrive/c/util
PATH: /cygdrive/c/java/YourKit709/bin/win32
PATH: /cygdrive/c/programs/IBM/SQLLIB/BIN
PATH: /cygdrive/c/programs/IBM/SQLLIB/FUNCTION
PATH: /cygdrive/c/programs/IBM/SQLLIB/SAMPLES/REPL
PATH: /cygdrive/c/programs/doxygen/bin
PATH: /cygdrive/c/Program Files/Common Files/Lenovo
PATH: /cygdrive/c/Programs/evv4.4.2/bin/nt/x86
PATH: /cygdrive/c/program files/att/graphviz/bin
PATH: /cygdrive/c/program files/html help workshop
PATH: /cygdrive/c/Program Files/ThinkPad/ConnectUtilities


## ----------- ##
## Core tests. ##
## ----------- ##

configure:1968: checking for a BSD-compatible install
configure:2024: result: /usr/bin/install -c
configure:2035: checking whether build environment is sane
configure:2078: result: yes
configure:2106: checking for a thread-safe mkdir -p
configure:2145: result: /usr/bin/mkdir -p
configure:2158: checking for gawk
configure:2174: found /usr/bin/gawk
configure:2185: result: gawk
configure:2196: checking whether make sets $(MAKE)
configure:2217: result: yes
configure:2454: checking for gcc
configure:2470: found /usr/bin/gcc
configure:2481: result: gcc
configure:2719: checking for C compiler version
configure:2726: gcc --version >&5
gcc (GCC) 3.4.4 (cygming special, gdc 0.12, using dmd 0.125)
Copyright (C) 2004 Free Software Foundation, Inc.
This is free software; see the source for copying conditions.  There is NO
warranty; not even for MERCHANTABILITY or FITNESS FOR A PARTICULAR PURPOSE.

configure:2729: $? = 0
configure:2736: gcc -v >&5
Reading specs from /usr/lib/gcc/i686-pc-cygwin/3.4.4/specs
Configured with: /usr/build/package/orig/test.respin/gcc-3.4.4-3/configure --verbose --prefix=/usr --exec-prefix=/usr --sysconfdir=/etc --libdir=/usr/lib --libexecdir=/usr/lib --mandir=/usr/share/man --infodir=/usr/share/info --enable-languages=c,ada,c++,d,f77,pascal,java,objc --enable-nls --without-included-gettext --enable-version-specific-runtime-libs --without-x --enable-libgcj --disable-java-awt --with-system-zlib --enable-interpreter --disable-libgcj-debug --enable-threads=posix --enable-java-gc=boehm --disable-win32-registry --enable-sjlj-exceptions --enable-hash-synchronization --enable-libstdcxx-debug
Thread model: posix
gcc version 3.4.4 (cygming special, gdc 0.12, using dmd 0.125)
configure:2739: $? = 0
configure:2746: gcc -V >&5
gcc: `-V' option must have argument
configure:2749: $? = 1
configure:2772: checking for C compiler default output file name
configure:2799: gcc    conftest.c  >&5
configure:2802: $? = 0
configure:2840: result: a.exe
configure:2857: checking whether the C compiler works
configure:2867: ./a.exe
configure:2870: $? = 0
configure:2887: result: yes
configure:2894: checking whether we are cross compiling
configure:2896: result: no
configure:2899: checking for suffix of executables
configure:2906: gcc -o conftest.exe    conftest.c  >&5
configure:2909: $? = 0
configure:2933: result: .exe
configure:2939: checking for suffix of object files
configure:2965: gcc -c   conftest.c >&5
configure:2968: $? = 0
configure:2991: result: o
configure:2995: checking whether we are using the GNU C compiler
configure:3024: gcc -c   conftest.c >&5
configure:3030: $? = 0
configure:3047: result: yes
configure:3052: checking whether gcc accepts -g
configure:3082: gcc -c -g  conftest.c >&5
configure:3088: $? = 0
configure:3187: result: yes
configure:3204: checking for gcc option to accept ISO C89
configure:3278: gcc  -c -g -O2  conftest.c >&5
configure:3284: $? = 0
configure:3307: result: none needed
configure:3336: checking for style of include used by make
configure:3364: result: GNU
configure:3389: checking dependency style of gcc
configure:3480: result: gcc3
configure:3553: checking for g++
configure:3569: found /usr/bin/g++
configure:3580: result: g++
configure:3611: checking for C++ compiler version
configure:3618: g++ --version >&5
g++ (GCC) 3.4.4 (cygming special, gdc 0.12, using dmd 0.125)
Copyright (C) 2004 Free Software Foundation, Inc.
This is free software; see the source for copying conditions.  There is NO
warranty; not even for MERCHANTABILITY or FITNESS FOR A PARTICULAR PURPOSE.

configure:3621: $? = 0
configure:3628: g++ -v >&5
Reading specs from /usr/lib/gcc/i686-pc-cygwin/3.4.4/specs
Configured with: /usr/build/package/orig/test.respin/gcc-3.4.4-3/configure --verbose --prefix=/usr --exec-prefix=/usr --sysconfdir=/etc --libdir=/usr/lib --libexecdir=/usr/lib --mandir=/usr/share/man --infodir=/usr/share/info --enable-languages=c,ada,c++,d,f77,pascal,java,objc --enable-nls --without-included-gettext --enable-version-specific-runtime-libs --without-x --enable-libgcj --disable-java-awt --with-system-zlib --enable-interpreter --disable-libgcj-debug --enable-threads=posix --enable-java-gc=boehm --disable-win32-registry --enable-sjlj-exceptions --enable-hash-synchronization --enable-libstdcxx-debug
Thread model: posix
gcc version 3.4.4 (cygming special, gdc 0.12, using dmd 0.125)
configure:3631: $? = 0
configure:3638: g++ -V >&5
g++: `-V' option must have argument
configure:3641: $? = 1
configure:3644: checking whether we are using the GNU C++ compiler
configure:3673: g++ -c   conftest.cpp >&5
configure:3679: $? = 0
configure:3696: result: yes
configure:3701: checking whether g++ accepts -g
configure:3731: g++ -c -g  conftest.cpp >&5
configure:3737: $? = 0
configure:3836: result: yes
configure:3861: checking dependency style of g++
configure:3952: result: gcc3
configure:3973: checking how to run the C preprocessor
configure:4013: gcc -E  conftest.c
configure:4019: $? = 0
configure:4050: gcc -E  conftest.c
conftest.c:10:28: ac_nonexistent.h: No such file or directory
configure:4056: $? = 1
configure: failed program was:
| /* confdefs.h.  */
| #define PACKAGE_NAME ""
| #define PACKAGE_TARNAME ""
| #define PACKAGE_VERSION ""
| #define PACKAGE_STRING ""
| #define PACKAGE_BUGREPORT ""
| #define PACKAGE "CRF++"
| #define VERSION "0.51"
| /* end confdefs.h.  */
| #include <ac_nonexistent.h>
configure:4089: result: gcc -E
configure:4118: gcc -E  conftest.c
configure:4124: $? = 0
configure:4155: gcc -E  conftest.c
conftest.c:10:28: ac_nonexistent.h: No such file or directory
configure:4161: $? = 1
configure: failed program was:
| /* confdefs.h.  */
| #define PACKAGE_NAME ""
| #define PACKAGE_TARNAME ""
| #define PACKAGE_VERSION ""
| #define PACKAGE_STRING ""
| #define PACKAGE_BUGREPORT ""
| #define PACKAGE "CRF++"
| #define VERSION "0.51"
| /* end confdefs.h.  */
| #include <ac_nonexistent.h>
configure:4199: checking for grep that handles long lines and -e
configure:4273: result: /usr/bin/grep
configure:4278: checking for egrep
configure:4356: result: /usr/bin/grep -E
configure:4362: checking whether gcc needs -traditional
conftest.c:10:19: sgtty.h: No such file or directory
configure:4404: result: no
configure:4411: checking whether make sets $(MAKE)
configure:4432: result: yes
configure:4441: checking for library containing strerror
configure:4482: gcc -o conftest.exe -g -O2   conftest.c  >&5
configure:4488: $? = 0
configure:4516: result: none required
configure:4530: checking build system type
configure:4548: result: i686-pc-cygwin
configure:4570: checking host system type
configure:4585: result: i686-pc-cygwin
configure:4690: checking for a sed that does not truncate output
configure:4746: result: /usr/bin/sed
configure:4760: checking for ld used by gcc
configure:4827: result: /usr/i686-pc-cygwin/bin/ld.exe
configure:4836: checking if the linker (/usr/i686-pc-cygwin/bin/ld.exe) is GNU ld
configure:4851: result: yes
configure:4856: checking for /usr/i686-pc-cygwin/bin/ld.exe option to reload object files
configure:4863: result: -r
configure:4881: checking for BSD-compatible nm
configure:4930: result: /usr/bin/nm -B
configure:4934: checking whether ln -s works
configure:4938: result: yes
configure:4945: checking how to recognize dependent libraries
configure:5131: result: file_magic ^x86 archive import|^x86 DLL
configure:5371: checking for ANSI C header files
configure:5401: g++ -c -g -O2  conftest.cpp >&5
configure:5407: $? = 0
/ModelDetails.En_US.jukebox-amb-separate.csv: line 1: Action,Unique: command not found
/ModelDetails.En_US.jukebox-amb-separate.csv: line 2: AMBIGUOUS_BACKPREVIOUS,165,282,: command not found
/ModelDetails.En_US.jukebox-amb-separate.csv: line 3: AMBIGUOUS_CANCEL,121,240,: command not found
/ModelDetails.En_US.jukebox-amb-separate.csv: line 4: AMBIGUOUS_HELP,747,1030,: command not found
/ModelDetails.En_US.jukebox-amb-separate.csv: line 5: AMBIGUOUS_MAINMENU,353,451,: command not found
/ModelDetails.En_US.jukebox-amb-separate.csv: line 6: AMBIGUOUS_MINUSDOWNDECREASE,89,134,: command not found
/ModelDetails.En_US.jukebox-amb-separate.csv: line 7: AMBIGUOUS_NEXT,89,159,: command not found
/ModelDetails.En_US.jukebox-amb-separate.csv: line 8: AMBIGUOUS_PAUSE,48,221,: command not found
/ModelDetails.En_US.jukebox-amb-separate.csv: line 9: AMBIGUOUS_PLUSUPINCREASE,100,164,: command not found
/ModelDetails.En_US.jukebox-amb-separate.csv: line 10: AMBIGUOUS_RESTARTCONTINUE,58,134,: command not found
/ModelDetails.En_US.jukebox-amb-separate.csv: line 11: AMBIGUOUS_SPEAKERS_OFF,208,470,: command not found
/ModelDetails.En_US.jukebox-amb-separate.csv: line 12: AMBIGUOUS_SPEAKERS_ON,66,105,: command not found
/ModelDetails.En_US.jukebox-amb-separate.csv: line 13: AMBIGUOUS_SPEAKERS_VOLUME_Louder,511,1229,: command not found
/ModelDetails.En_US.jukebox-amb-separate.csv: line 14: AMBIGUOUS_SPEAKERS_VOLUME_Loudness,72,128,: command not found
/ModelDetails.En_US.jukebox-amb-separate.csv: line 15: AMBIGUOUS_SPEAKERS_VOLUME_Softer,518,1114,: command not found
/ModelDetails.En_US.jukebox-amb-separate.csv: line 16: AMBIGUOUS_SPEAKERS_VOLUME_Unspec,39,42,: command not found
/ModelDetails.En_US.jukebox-amb-separate.csv: line 17: AMBIGUOUS_STARTBEGINON,184,269,: command not found
/ModelDetails.En_US.jukebox-amb-separate.csv: line 18: AMBIGUOUS_STOPENDOFF,186,375,: command not found
/ModelDetails.En_US.jukebox-amb-separate.csv: line 19: JUKEBOX_HELP,187,232,: command not found
/ModelDetails.En_US.jukebox-amb-separate.csv: line 20: JUKEBOX_MAINMENU,6,6,: command not found
/ModelDetails.En_US.jukebox-amb-separate.csv: line 21: JUKEBOX_MINUSDOWNDECREASE,31,33,: command not found
/ModelDetails.En_US.jukebox-amb-separate.csv: line 22: JUKEBOX_PAUSE,53,132,: command not found
/ModelDetails.En_US.jukebox-amb-separate.csv: line 23: JUKEBOX_PLAY_General,4131,5704,: command not found
/ModelDetails.En_US.jukebox-amb-separate.csv: line 24: JUKEBOX_PLAY_NEXT_Album,221,503,: command not found
/ModelDetails.En_US.jukebox-amb-separate.csv: line 25: JUKEBOX_PLAY_NEXT_Track,330,750,: command not found
/ModelDetails.En_US.jukebox-amb-separate.csv: line 26: JUKEBOX_PLAY_NEXT_Unspec,41,67,: command not found
/ModelDetails.En_US.jukebox-amb-separate.csv: line 27: JUKEBOX_PLAY_PREVIOUS_Album,94,216,: command not found
/ModelDetails.En_US.jukebox-amb-separate.csv: line 28: JUKEBOX_PLAY_PREVIOUS_Track,138,312,: command not found
/ModelDetails.En_US.jukebox-amb-separate.csv: line 29: JUKEBOX_PLAY_PREVIOUS_Unspec,23,38,: command not found
/ModelDetails.En_US.jukebox-amb-separate.csv: line 30: JUKEBOX_PLUSUPINCREASE,19,22,: command not found
/ModelDetails.En_US.jukebox-amb-separate.csv: line 31: JUKEBOX_REPEAT,364,808,: command not found
/ModelDetails.En_US.jukebox-amb-separate.csv: line 32: JUKEBOX_RESTARTCONTINUE,79,216,: command not found
/ModelDetails.En_US.jukebox-amb-separate.csv: line 33: JUKEBOX_SHUFFLE_All,86,166,: command not found
/ModelDetails.En_US.jukebox-amb-separate.csv: line 34: JUKEBOX_SHUFFLE_Current,578,1061,: command not found
/ModelDetails.En_US.jukebox-amb-separate.csv: line 35: JUKEBOX_SHUFFLE_Off,381,720,: command not found
/ModelDetails.En_US.jukebox-amb-separate.csv: line 36: JUKEBOX_SPEAKERS_OFF,40,41,: command not found
/ModelDetails.En_US.jukebox-amb-separate.csv: line 37: JUKEBOX_SPEAKERS_ON,1,1,: command not found
/ModelDetails.En_US.jukebox-amb-separate.csv: line 38: JUKEBOX_SPEAKERS_VOLUME_Louder,56,58,: command not found
/ModelDetails.En_US.jukebox-amb-separate.csv: line 39: JUKEBOX_SPEAKERS_VOLUME_Softer,54,58,: command not found
/ModelDetails.En_US.jukebox-amb-separate.csv: line 40: JUKEBOX_SPEAKERS_VOLUME_Unspec,1,1,: command not found
/ModelDetails.En_US.jukebox-amb-separate.csv: line 41: JUKEBOX_STARTBEGINON,241,342,: command not found
/ModelDetails.En_US.jukebox-amb-separate.csv: line 42: JUKEBOX_STOPENDOFF,231,355,: command not found
/ModelDetails.En_US.jukebox-amb-separate.csv: line 43: JUKEBOX_Unspec,105,160,: command not found
/ModelDetails.En_US.jukebox-amb-separate.csv: line 1: Action,Unique: command not found
/ModelDetails.En_US.jukebox-amb-separate.csv: line 2: AMBIGUOUS_BACKPREVIOUS,165,282,: command not found
/ModelDetails.En_US.jukebox-amb-separate.csv: line 3: AMBIGUOUS_CANCEL,121,240,: command not found
/ModelDetails.En_US.jukebox-amb-separate.csv: line 4: AMBIGUOUS_HELP,747,1030,: command not found
/ModelDetails.En_US.jukebox-amb-separate.csv: line 5: AMBIGUOUS_MAINMENU,353,451,: command not found
/ModelDetails.En_US.jukebox-amb-separate.csv: line 6: AMBIGUOUS_MINUSDOWNDECREASE,89,134,: command not found
/ModelDetails.En_US.jukebox-amb-separate.csv: line 7: AMBIGUOUS_NEXT,89,159,: command not found
/ModelDetails.En_US.jukebox-amb-separate.csv: line 8: AMBIGUOUS_PAUSE,48,221,: command not found
/ModelDetails.En_US.jukebox-amb-separate.csv: line 9: AMBIGUOUS_PLUSUPINCREASE,100,164,: command not found
/ModelDetails.En_US.jukebox-amb-separate.csv: line 10: AMBIGUOUS_RESTARTCONTINUE,58,134,: command not found
/ModelDetails.En_US.jukebox-amb-separate.csv: line 11: AMBIGUOUS_SPEAKERS_OFF,208,470,: command not found
/ModelDetails.En_US.jukebox-amb-separate.csv: line 12: AMBIGUOUS_SPEAKERS_ON,66,105,: command not found
/ModelDetails.En_US.jukebox-amb-separate.csv: line 13: AMBIGUOUS_SPEAKERS_VOLUME_Louder,511,1229,: command not found
/ModelDetails.En_US.jukebox-amb-separate.csv: line 14: AMBIGUOUS_SPEAKERS_VOLUME_Loudness,72,128,: command not found
/ModelDetails.En_US.jukebox-amb-separate.csv: line 15: AMBIGUOUS_SPEAKERS_VOLUME_Softer,518,1114,: command not found
/ModelDetails.En_US.jukebox-amb-separate.csv: line 16: AMBIGUOUS_SPEAKERS_VOLUME_Unspec,39,42,: command not found
/ModelDetails.En_US.jukebox-amb-separate.csv: line 17: AMBIGUOUS_STARTBEGINON,184,269,: command not found
/ModelDetails.En_US.jukebox-amb-separate.csv: line 18: AMBIGUOUS_STOPENDOFF,186,375,: command not found
/ModelDetails.En_US.jukebox-amb-separate.csv: line 19: JUKEBOX_HELP,187,232,: command not found
/ModelDetails.En_US.jukebox-amb-separate.csv: line 20: JUKEBOX_MAINMENU,6,6,: command not found
/ModelDetails.En_US.jukebox-amb-separate.csv: line 21: JUKEBOX_MINUSDOWNDECREASE,31,33,: command not found
/ModelDetails.En_US.jukebox-amb-separate.csv: line 22: JUKEBOX_PAUSE,53,132,: command not found
/ModelDetails.En_US.jukebox-amb-separate.csv: line 23: JUKEBOX_PLAY_General,4131,5704,: command not found
/ModelDetails.En_US.jukebox-amb-separate.csv: line 24: JUKEBOX_PLAY_NEXT_Album,221,503,: command not found
/ModelDetails.En_US.jukebox-amb-separate.csv: line 25: JUKEBOX_PLAY_NEXT_Track,330,750,: command not found
/ModelDetails.En_US.jukebox-amb-separate.csv: line 26: JUKEBOX_PLAY_NEXT_Unspec,41,67,: command not found
/ModelDetails.En_US.jukebox-amb-separate.csv: line 27: JUKEBOX_PLAY_PREVIOUS_Album,94,216,: command not found
/ModelDetails.En_US.jukebox-amb-separate.csv: line 28: JUKEBOX_PLAY_PREVIOUS_Track,138,312,: command not found
/ModelDetails.En_US.jukebox-amb-separate.csv: line 29: JUKEBOX_PLAY_PREVIOUS_Unspec,23,38,: command not found
/ModelDetails.En_US.jukebox-amb-separate.csv: line 30: JUKEBOX_PLUSUPINCREASE,19,22,: command not found
/ModelDetails.En_US.jukebox-amb-separate.csv: line 31: JUKEBOX_REPEAT,364,808,: command not found
/ModelDetails.En_US.jukebox-amb-separate.csv: line 32: JUKEBOX_RESTARTCONTINUE,79,216,: command not found
/ModelDetails.En_US.jukebox-amb-separate.csv: line 33: JUKEBOX_SHUFFLE_All,86,166,: command not found
/ModelDetails.En_US.jukebox-amb-separate.csv: line 34: JUKEBOX_SHUFFLE_Current,578,1061,: command not found
/ModelDetails.En_US.jukebox-amb-separate.csv: line 35: JUKEBOX_SHUFFLE_Off,381,720,: command not found
/ModelDetails.En_US.jukebox-amb-separate.csv: line 36: JUKEBOX_SPEAKERS_OFF,40,41,: command not found
/ModelDetails.En_US.jukebox-amb-separate.csv: line 37: JUKEBOX_SPEAKERS_ON,1,1,: command not found
/ModelDetails.En_US.jukebox-amb-separate.csv: line 38: JUKEBOX_SPEAKERS_VOLUME_Louder,56,58,: command not found
/ModelDetails.En_US.jukebox-amb-separate.csv: line 39: JUKEBOX_SPEAKERS_VOLUME_Softer,54,58,: command not found
/ModelDetails.En_US.jukebox-amb-separate.csv: line 40: JUKEBOX_SPEAKERS_VOLUME_Unspec,1,1,: command not found
/ModelDetails.En_US.jukebox-amb-separate.csv: line 41: JUKEBOX_STARTBEGINON,241,342,: command not found
/ModelDetails.En_US.jukebox-amb-separate.csv: line 42: JUKEBOX_STOPENDOFF,231,355,: command not found
/ModelDetails.En_US.jukebox-amb-separate.csv: line 43: JUKEBOX_Unspec,105,160,: command not found
configure:5535: result: no
configure:5559: checking for sys/types.h
configure:5580: g++ -c -g -O2  conftest.cpp >&5
configure:5586: $? = 0
configure:5602: result: yes
configure:5559: checking for sys/stat.h
configure:5580: g++ -c -g -O2  conftest.cpp >&5
configure:5586: $? = 0
configure:5602: result: yes
configure:5559: checking for stdlib.h
configure:5580: g++ -c -g -O2  conftest.cpp >&5
configure:5586: $? = 0
configure:5602: result: yes
configure:5559: checking for string.h
configure:5580: g++ -c -g -O2  conftest.cpp >&5
configure:5586: $? = 0
configure:5602: result: yes
configure:5559: checking for memory.h
configure:5580: g++ -c -g -O2  conftest.cpp >&5
configure:5586: $? = 0
configure:5602: result: yes
configure:5559: checking for strings.h
configure:5580: g++ -c -g -O2  conftest.cpp >&5
configure:5586: $? = 0
configure:5602: result: yes
configure:5559: checking for inttypes.h
configure:5580: g++ -c -g -O2  conftest.cpp >&5
configure:5586: $? = 0
configure:5602: result: yes
configure:5559: checking for stdint.h
configure:5580: g++ -c -g -O2  conftest.cpp >&5
configure:5586: $? = 0
configure:5602: result: yes
configure:5559: checking for unistd.h
configure:5580: g++ -c -g -O2  conftest.cpp >&5
configure:5586: $? = 0
configure:5602: result: yes
configure:5629: checking dlfcn.h usability
configure:5646: g++ -c -g -O2  conftest.cpp >&5
configure:5652: $? = 0
configure:5666: result: yes
configure:5670: checking dlfcn.h presence
configure:5685:   conftest.cpp
/ModelDetails.En_US.jukebox-amb-separate.csv: line 1: Action,Unique: command not found
/ModelDetails.En_US.jukebox-amb-separate.csv: line 2: AMBIGUOUS_BACKPREVIOUS,165,282,: command not found
/ModelDetails.En_US.jukebox-amb-separate.csv: line 3: AMBIGUOUS_CANCEL,121,240,: command not found
/ModelDetails.En_US.jukebox-amb-separate.csv: line 4: AMBIGUOUS_HELP,747,1030,: command not found
/ModelDetails.En_US.jukebox-amb-separate.csv: line 5: AMBIGUOUS_MAINMENU,353,451,: command not found
/ModelDetails.En_US.jukebox-amb-separate.csv: line 6: AMBIGUOUS_MINUSDOWNDECREASE,89,134,: command not found
/ModelDetails.En_US.jukebox-amb-separate.csv: line 7: AMBIGUOUS_NEXT,89,159,: command not found
/ModelDetails.En_US.jukebox-amb-separate.csv: line 8: AMBIGUOUS_PAUSE,48,221,: command not found
/ModelDetails.En_US.jukebox-amb-separate.csv: line 9: AMBIGUOUS_PLUSUPINCREASE,100,164,: command not found
/ModelDetails.En_US.jukebox-amb-separate.csv: line 10: AMBIGUOUS_RESTARTCONTINUE,58,134,: command not found
/ModelDetails.En_US.jukebox-amb-separate.csv: line 11: AMBIGUOUS_SPEAKERS_OFF,208,470,: command not found
/ModelDetails.En_US.jukebox-amb-separate.csv: line 12: AMBIGUOUS_SPEAKERS_ON,66,105,: command not found
/ModelDetails.En_US.jukebox-amb-separate.csv: line 13: AMBIGUOUS_SPEAKERS_VOLUME_Louder,511,1229,: command not found
/ModelDetails.En_US.jukebox-amb-separate.csv: line 14: AMBIGUOUS_SPEAKERS_VOLUME_Loudness,72,128,: command not found
/ModelDetails.En_US.jukebox-amb-separate.csv: line 15: AMBIGUOUS_SPEAKERS_VOLUME_Softer,518,1114,: command not found
/ModelDetails.En_US.jukebox-amb-separate.csv: line 16: AMBIGUOUS_SPEAKERS_VOLUME_Unspec,39,42,: command not found
/ModelDetails.En_US.jukebox-amb-separate.csv: line 17: AMBIGUOUS_STARTBEGINON,184,269,: command not found
/ModelDetails.En_US.jukebox-amb-separate.csv: line 18: AMBIGUOUS_STOPENDOFF,186,375,: command not found
/ModelDetails.En_US.jukebox-amb-separate.csv: line 19: JUKEBOX_HELP,187,232,: command not found
/ModelDetails.En_US.jukebox-amb-separate.csv: line 20: JUKEBOX_MAINMENU,6,6,: command not found
/ModelDetails.En_US.jukebox-amb-separate.csv: line 21: JUKEBOX_MINUSDOWNDECREASE,31,33,: command not found
/ModelDetails.En_US.jukebox-amb-separate.csv: line 22: JUKEBOX_PAUSE,53,132,: command not found
/ModelDetails.En_US.jukebox-amb-separate.csv: line 23: JUKEBOX_PLAY_General,4131,5704,: command not found
/ModelDetails.En_US.jukebox-amb-separate.csv: line 24: JUKEBOX_PLAY_NEXT_Album,221,503,: command not found
/ModelDetails.En_US.jukebox-amb-separate.csv: line 25: JUKEBOX_PLAY_NEXT_Track,330,750,: command not found
/ModelDetails.En_US.jukebox-amb-separate.csv: line 26: JUKEBOX_PLAY_NEXT_Unspec,41,67,: command not found
/ModelDetails.En_US.jukebox-amb-separate.csv: line 27: JUKEBOX_PLAY_PREVIOUS_Album,94,216,: command not found
/ModelDetails.En_US.jukebox-amb-separate.csv: line 28: JUKEBOX_PLAY_PREVIOUS_Track,138,312,: command not found
/ModelDetails.En_US.jukebox-amb-separate.csv: line 29: JUKEBOX_PLAY_PREVIOUS_Unspec,23,38,: command not found
/ModelDetails.En_US.jukebox-amb-separate.csv: line 30: JUKEBOX_PLUSUPINCREASE,19,22,: command not found
/ModelDetails.En_US.jukebox-amb-separate.csv: line 31: JUKEBOX_REPEAT,364,808,: command not found
/ModelDetails.En_US.jukebox-amb-separate.csv: line 32: JUKEBOX_RESTARTCONTINUE,79,216,: command not found
/ModelDetails.En_US.jukebox-amb-separate.csv: line 33: JUKEBOX_SHUFFLE_All,86,166,: command not found
/ModelDetails.En_US.jukebox-amb-separate.csv: line 34: JUKEBOX_SHUFFLE_Current,578,1061,: command not found
/ModelDetails.En_US.jukebox-amb-separate.csv: line 35: JUKEBOX_SHUFFLE_Off,381,720,: command not found
/ModelDetails.En_US.jukebox-amb-separate.csv: line 36: JUKEBOX_SPEAKERS_OFF,40,41,: command not found
/ModelDetails.En_US.jukebox-amb-separate.csv: line 37: JUKEBOX_SPEAKERS_ON,1,1,: command not found
/ModelDetails.En_US.jukebox-amb-separate.csv: line 38: JUKEBOX_SPEAKERS_VOLUME_Louder,56,58,: command not found
/ModelDetails.En_US.jukebox-amb-separate.csv: line 39: JUKEBOX_SPEAKERS_VOLUME_Softer,54,58,: command not found
/ModelDetails.En_US.jukebox-amb-separate.csv: line 40: JUKEBOX_SPEAKERS_VOLUME_Unspec,1,1,: command not found
/ModelDetails.En_US.jukebox-amb-separate.csv: line 41: JUKEBOX_STARTBEGINON,241,342,: command not found
/ModelDetails.En_US.jukebox-amb-separate.csv: line 42: JUKEBOX_STOPENDOFF,231,355,: command not found
/ModelDetails.En_US.jukebox-amb-separate.csv: line 43: JUKEBOX_Unspec,105,160,: command not found
/ModelDetails.En_US.jukebox-amb-separate.csv: line 1: Action,Unique: command not found
/ModelDetails.En_US.jukebox-amb-separate.csv: line 2: AMBIGUOUS_BACKPREVIOUS,165,282,: command not found
/ModelDetails.En_US.jukebox-amb-separate.csv: line 3: AMBIGUOUS_CANCEL,121,240,: command not found
/ModelDetails.En_US.jukebox-amb-separate.csv: line 4: AMBIGUOUS_HELP,747,1030,: command not found
/ModelDetails.En_US.jukebox-amb-separate.csv: line 5: AMBIGUOUS_MAINMENU,353,451,: command not found
/ModelDetails.En_US.jukebox-amb-separate.csv: line 6: AMBIGUOUS_MINUSDOWNDECREASE,89,134,: command not found
/ModelDetails.En_US.jukebox-amb-separate.csv: line 7: AMBIGUOUS_NEXT,89,159,: command not found
/ModelDetails.En_US.jukebox-amb-separate.csv: line 8: AMBIGUOUS_PAUSE,48,221,: command not found
/ModelDetails.En_US.jukebox-amb-separate.csv: line 9: AMBIGUOUS_PLUSUPINCREASE,100,164,: command not found
/ModelDetails.En_US.jukebox-amb-separate.csv: line 10: AMBIGUOUS_RESTARTCONTINUE,58,134,: command not found
/ModelDetails.En_US.jukebox-amb-separate.csv: line 11: AMBIGUOUS_SPEAKERS_OFF,208,470,: command not found
/ModelDetails.En_US.jukebox-amb-separate.csv: line 12: AMBIGUOUS_SPEAKERS_ON,66,105,: command not found
/ModelDetails.En_US.jukebox-amb-separate.csv: line 13: AMBIGUOUS_SPEAKERS_VOLUME_Louder,511,1229,: command not found
/ModelDetails.En_US.jukebox-amb-separate.csv: line 14: AMBIGUOUS_SPEAKERS_VOLUME_Loudness,72,128,: command not found
/ModelDetails.En_US.jukebox-amb-separate.csv: line 15: AMBIGUOUS_SPEAKERS_VOLUME_Softer,518,1114,: command not found
/ModelDetails.En_US.jukebox-amb-separate.csv: line 16: AMBIGUOUS_SPEAKERS_VOLUME_Unspec,39,42,: command not found
/ModelDetails.En_US.jukebox-amb-separate.csv: line 17: AMBIGUOUS_STARTBEGINON,184,269,: command not found
/ModelDetails.En_US.jukebox-amb-separate.csv: line 18: AMBIGUOUS_STOPENDOFF,186,375,: command not found
/ModelDetails.En_US.jukebox-amb-separate.csv: line 19: JUKEBOX_HELP,187,232,: command not found
/ModelDetails.En_US.jukebox-amb-separate.csv: line 20: JUKEBOX_MAINMENU,6,6,: command not found
/ModelDetails.En_US.jukebox-amb-separate.csv: line 21: JUKEBOX_MINUSDOWNDECREASE,31,33,: command not found
/ModelDetails.En_US.jukebox-amb-separate.csv: line 22: JUKEBOX_PAUSE,53,132,: command not found
/ModelDetails.En_US.jukebox-amb-separate.csv: line 23: JUKEBOX_PLAY_General,4131,5704,: command not found
/ModelDetails.En_US.jukebox-amb-separate.csv: line 24: JUKEBOX_PLAY_NEXT_Album,221,503,: command not found
/ModelDetails.En_US.jukebox-amb-separate.csv: line 25: JUKEBOX_PLAY_NEXT_Track,330,750,: command not found
/ModelDetails.En_US.jukebox-amb-separate.csv: line 26: JUKEBOX_PLAY_NEXT_Unspec,41,67,: command not found
/ModelDetails.En_US.jukebox-amb-separate.csv: line 27: JUKEBOX_PLAY_PREVIOUS_Album,94,216,: command not found
/ModelDetails.En_US.jukebox-amb-separate.csv: line 28: JUKEBOX_PLAY_PREVIOUS_Track,138,312,: command not found
/ModelDetails.En_US.jukebox-amb-separate.csv: line 29: JUKEBOX_PLAY_PREVIOUS_Unspec,23,38,: command not found
/ModelDetails.En_US.jukebox-amb-separate.csv: line 30: JUKEBOX_PLUSUPINCREASE,19,22,: command not found
/ModelDetails.En_US.jukebox-amb-separate.csv: line 31: JUKEBOX_REPEAT,364,808,: command not found
/ModelDetails.En_US.jukebox-amb-separate.csv: line 32: JUKEBOX_RESTARTCONTINUE,79,216,: command not found
/ModelDetails.En_US.jukebox-amb-separate.csv: line 33: JUKEBOX_SHUFFLE_All,86,166,: command not found
/ModelDetails.En_US.jukebox-amb-separate.csv: line 34: JUKEBOX_SHUFFLE_Current,578,1061,: command not found
/ModelDetails.En_US.jukebox-amb-separate.csv: line 35: JUKEBOX_SHUFFLE_Off,381,720,: command not found
/ModelDetails.En_US.jukebox-amb-separate.csv: line 36: JUKEBOX_SPEAKERS_OFF,40,41,: command not found
/ModelDetails.En_US.jukebox-amb-separate.csv: line 37: JUKEBOX_SPEAKERS_ON,1,1,: command not found
/ModelDetails.En_US.jukebox-amb-separate.csv: line 38: JUKEBOX_SPEAKERS_VOLUME_Louder,56,58,: command not found
/ModelDetails.En_US.jukebox-amb-separate.csv: line 39: JUKEBOX_SPEAKERS_VOLUME_Softer,54,58,: command not found
/ModelDetails.En_US.jukebox-amb-separate.csv: line 40: JUKEBOX_SPEAKERS_VOLUME_Unspec,1,1,: command not found
/ModelDetails.En_US.jukebox-amb-separate.csv: line 41: JUKEBOX_STARTBEGINON,241,342,: command not found
/ModelDetails.En_US.jukebox-amb-separate.csv: line 42: JUKEBOX_STOPENDOFF,231,355,: command not found
/ModelDetails.En_US.jukebox-amb-separate.csv: line 43: JUKEBOX_Unspec,105,160,: command not found
configure:5691: $? = 127
configure: failed program was:
| /* confdefs.h.  */
| #define PACKAGE_NAME ""
| #define PACKAGE_TARNAME ""
| #define PACKAGE_VERSION ""
| #define PACKAGE_STRING ""
| #define PACKAGE_BUGREPORT ""
| #define PACKAGE "CRF++"
| #define VERSION "0.51"
| #define HAVE_SYS_TYPES_H 1
| #define HAVE_SYS_STAT_H 1
| #define HAVE_STDLIB_H 1
| #define HAVE_STRING_H 1
| #define HAVE_MEMORY_H 1
| #define HAVE_STRINGS_H 1
| #define HAVE_INTTYPES_H 1
| #define HAVE_STDINT_H 1
| #define HAVE_UNISTD_H 1
| /* end confdefs.h.  */
| #include <dlfcn.h>
configure:5705: result: no
configure:5711: WARNING: dlfcn.h: accepted by the compiler, rejected by the preprocessor!
configure:5713: WARNING: dlfcn.h: proceeding with the compiler's result
configure:5733: checking for dlfcn.h
configure:5741: result: yes
configure:5764: checking how to run the C++ preprocessor
configure:5800: g++ -E  conftest.cpp
configure:5806: $? = 0
configure:5837: g++ -E  conftest.cpp
conftest.cpp:20:28: ac_nonexistent.h: No such file or directory
configure:5843: $? = 1
configure: failed program was:
| /* confdefs.h.  */
| #define PACKAGE_NAME ""
| #define PACKAGE_TARNAME ""
| #define PACKAGE_VERSION ""
| #define PACKAGE_STRING ""
| #define PACKAGE_BUGREPORT ""
| #define PACKAGE "CRF++"
| #define VERSION "0.51"
| #define HAVE_SYS_TYPES_H 1
| #define HAVE_SYS_STAT_H 1
| #define HAVE_STDLIB_H 1
| #define HAVE_STRING_H 1
| #define HAVE_MEMORY_H 1
| #define HAVE_STRINGS_H 1
| #define HAVE_INTTYPES_H 1
| #define HAVE_STDINT_H 1
| #define HAVE_UNISTD_H 1
| #define HAVE_DLFCN_H 1
| /* end confdefs.h.  */
| #include <ac_nonexistent.h>
configure:5876: result: g++ -E
configure:5905: g++ -E  conftest.cpp
configure:5911: $? = 0
configure:5942: g++ -E  conftest.cpp
conftest.cpp:20:28: ac_nonexistent.h: No such file or directory
configure:5948: $? = 1
configure: failed program was:
| /* confdefs.h.  */
| #define PACKAGE_NAME ""
| #define PACKAGE_TARNAME ""
| #define PACKAGE_VERSION ""
| #define PACKAGE_STRING ""
| #define PACKAGE_BUGREPORT ""
| #define PACKAGE "CRF++"
| #define VERSION "0.51"
| #define HAVE_SYS_TYPES_H 1
| #define HAVE_SYS_STAT_H 1
| #define HAVE_STDLIB_H 1
| #define HAVE_STRING_H 1
| #define HAVE_MEMORY_H 1
| #define HAVE_STRINGS_H 1
| #define HAVE_INTTYPES_H 1
| #define HAVE_STDINT_H 1
| #define HAVE_UNISTD_H 1
| #define HAVE_DLFCN_H 1
| /* end confdefs.h.  */
| #include <ac_nonexistent.h>
configure:6040: checking for g77
configure:6056: found /usr/bin/g77
configure:6067: result: g77
configure:6097: checking for Fortran 77 compiler version
configure:6104: g77 --version >&5
GNU Fortran (GCC) 3.4.4 (cygming special, gdc 0.12, using dmd 0.125)
Copyright (C) 2004 Free Software Foundation, Inc.

GNU Fortran comes with NO WARRANTY, to the extent permitted by law.
You may redistribute copies of GNU Fortran
under the terms of the GNU General Public License.
For more information about these matters, see the file named COPYING
or type the command `info -f g77 Copying'.
configure:6107: $? = 0
configure:6114: g77 -v >&5
Reading specs from /usr/lib/gcc/i686-pc-cygwin/3.4.4/specs
Configured with: /usr/build/package/orig/test.respin/gcc-3.4.4-3/configure --verbose --prefix=/usr --exec-prefix=/usr --sysconfdir=/etc --libdir=/usr/lib --libexecdir=/usr/lib --mandir=/usr/share/man --infodir=/usr/share/info --enable-languages=c,ada,c++,d,f77,pascal,java,objc --enable-nls --without-included-gettext --enable-version-specific-runtime-libs --without-x --enable-libgcj --disable-java-awt --with-system-zlib --enable-interpreter --disable-libgcj-debug --enable-threads=posix --enable-java-gc=boehm --disable-win32-registry --enable-sjlj-exceptions --enable-hash-synchronization --enable-libstdcxx-debug
Thread model: posix
gcc version 3.4.4 (cygming special, gdc 0.12, using dmd 0.125)
configure:6117: $? = 0
configure:6124: g77 -V >&5
g77: `-V' option must have argument
configure:6127: $? = 1
configure:6135: checking whether we are using the GNU Fortran 77 compiler
configure:6154: g77 -c  conftest.F >&5
configure:6160: $? = 0
configure:6177: result: yes
configure:6183: checking whether g77 accepts -g
configure:6200: g77 -c -g conftest.f >&5
configure:6206: $? = 0
configure:6222: result: yes
configure:6251: checking the maximum length of command line arguments
configure:6363: result: 8192
configure:6375: checking command to parse /usr/bin/nm -B output from gcc object
configure:6480: g++ -c -g -O2  conftest.cpp >&5
configure:6483: $? = 0
configure:6487: /usr/bin/nm -B conftest.o \| sed -n -e 's/^.*[ 	]\([ABCDGIRSTW][ABCDGIRSTW]*\)[ 	][ 	]*\([_A-Za-z][_A-Za-z0-9]*\)$/\1 \2 \2/p' \> conftest.nm
configure:6490: $? = 0
cannot find nm_test_var in conftest.nm
configure:6480: g++ -c -g -O2  conftest.cpp >&5
configure:6483: $? = 0
configure:6487: /usr/bin/nm -B conftest.o \| sed -n -e 's/^.*[ 	]\([ABCDGIRSTW][ABCDGIRSTW]*\)[ 	][ 	]*_\([_A-Za-z][_A-Za-z0-9]*\)$/\1 _\2 \2/p' \> conftest.nm
configure:6490: $? = 0
configure:6542: g++ -o conftest.exe -g -O2   conftest.cpp conftstm.o >&5
configure:6545: $? = 0
configure:6583: result: ok
configure:6587: checking for objdir
configure:6602: result: .libs
configure:6694: checking for ar
configure:6710: found /usr/bin/ar
configure:6721: result: ar
configure:6790: checking for ranlib
configure:6806: found /usr/bin/ranlib
configure:6817: result: ranlib
configure:6886: checking for strip
configure:6902: found /usr/bin/strip
configure:6913: result: strip
configure:7511: checking if gcc supports -fno-rtti -fno-exceptions
configure:7529: gcc -c -g -O2  -fno-rtti -fno-exceptions conftest.c >&5
cc1: warning: command line option "-fno-rtti" is valid for C++/ObjC++ but not for C
configure:7533: $? = 0
configure:7546: result: no
configure:7561: checking for gcc option to produce PIC
configure:7793: result: -DDLL_EXPORT
configure:7801: checking if gcc PIC flag -DDLL_EXPORT works
configure:7819: gcc -c -g -O2  -DDLL_EXPORT -DPIC conftest.c >&5
configure:7823: $? = 0
configure:7836: result: yes
configure:7864: checking if gcc static flag -static works
configure:7892: result: yes
configure:7902: checking if gcc supports -c -o file.o
configure:7923: gcc -c -g -O2  -o out/conftest2.o conftest.c >&5
configure:7927: $? = 0
configure:7949: result: yes
configure:7975: checking whether the gcc linker (/usr/i686-pc-cygwin/bin/ld.exe) supports shared libraries
configure:8956: result: yes
configure:8977: checking whether -lc should be explicitly linked in
configure:8982: gcc -c -g -O2  conftest.c >&5
configure:8985: $? = 0
configure:9000: gcc -shared conftest.o  -v -o ./conftest -Wl,--enable-auto-image-base -Xlinker --out-implib -Xlinker conftest 2\>\&1 \| grep  -lc  \>/dev/null 2\>\&1
configure:9003: $? = 1
configure:9015: result: yes
configure:9023: checking dynamic linker characteristics
configure:9637: result: Win32 ld.exe
configure:9661: checking how to hardcode library paths into programs
configure:9686: result: immediate
configure:9700: checking whether stripping libraries is possible
configure:9705: result: yes
configure:10507: checking if libtool supports shared libraries
configure:10509: result: yes
configure:10512: checking whether to build shared libraries
configure:10533: result: yes
configure:10536: checking whether to build static libraries
configure:10540: result: yes
configure:10634: creating libtool
configure:11227: checking for ld used by g++
configure:11294: result: /usr/i686-pc-cygwin/bin/ld.exe
configure:11303: checking if the linker (/usr/i686-pc-cygwin/bin/ld.exe) is GNU ld
configure:11318: result: yes
configure:11369: checking whether the g++ linker (/usr/i686-pc-cygwin/bin/ld.exe) supports shared libraries
configure:12315: result: yes
configure:12332: g++ -c -g -O2  conftest.cpp >&5
configure:12335: $? = 0
configure:12491: checking for g++ option to produce PIC
configure:12775: result: -DDLL_EXPORT
configure:12783: checking if g++ PIC flag -DDLL_EXPORT works
configure:12801: g++ -c -g -O2  -DDLL_EXPORT -DPIC conftest.cpp >&5
configure:12805: $? = 0
configure:12818: result: yes
configure:12846: checking if g++ static flag -static works
configure:12874: result: yes
configure:12884: checking if g++ supports -c -o file.o
configure:12905: g++ -c -g -O2  -o out/conftest2.o conftest.cpp >&5
configure:12909: $? = 0
configure:12931: result: yes
configure:12957: checking whether the g++ linker (/usr/i686-pc-cygwin/bin/ld.exe) supports shared libraries
configure:12986: result: yes
configure:13053: checking dynamic linker characteristics
configure:13615: result: Win32 ld.exe
configure:13639: checking how to hardcode library paths into programs
configure:13664: result: immediate
configure:14203: checking if libtool supports shared libraries
configure:14205: result: yes
configure:14208: checking whether to build shared libraries
configure:14228: result: yes
configure:14231: checking whether to build static libraries
configure:14235: result: yes
configure:14245: checking for g77 option to produce PIC
configure:14477: result: -DDLL_EXPORT
configure:14485: checking if g77 PIC flag -DDLL_EXPORT works
configure:14503: g77 -c -g -O2 -DDLL_EXPORT conftest.f >&5
configure:14507: $? = 0
configure:14520: result: yes
configure:14548: checking if g77 static flag -static works
configure:14576: result: yes
configure:14586: checking if g77 supports -c -o file.o
configure:14607: g77 -c -g -O2 -o out/conftest2.o conftest.f >&5
configure:14611: $? = 0
configure:14633: result: yes
configure:14659: checking whether the g77 linker (/usr/i686-pc-cygwin/bin/ld.exe) supports shared libraries
configure:15620: result: yes
configure:15687: checking dynamic linker characteristics
configure:16249: result: Win32 ld.exe
configure:16273: checking how to hardcode library paths into programs
configure:16298: result: immediate
configure:19914: checking for ANSI C header files
configure:20078: result: no
configure:20105: checking for string.h
configure:20111: result: yes
configure:20105: checking for stdlib.h
configure:20111: result: yes
configure:20105: checking for unistd.h
configure:20111: result: yes
configure:20115: checking fcntl.h usability
configure:20132: g++ -c -g -O2  conftest.cpp >&5
configure:20138: $? = 0
configure:20152: result: yes
configure:20156: checking fcntl.h presence
configure:20171: g++ -E  conftest.cpp
configure:20177: $? = 0
configure:20191: result: yes
configure:20219: checking for fcntl.h
configure:20227: result: yes
configure:20105: checking for sys/stat.h
configure:20111: result: yes
configure:20115: checking sys/mman.h usability
configure:20132: g++ -c -g -O2  conftest.cpp >&5
configure:20138: $? = 0
configure:20152: result: yes
configure:20156: checking sys/mman.h presence
configure:20171: g++ -E  conftest.cpp
configure:20177: $? = 0
configure:20191: result: yes
configure:20219: checking for sys/mman.h
configure:20227: result: yes
configure:20115: checking sys/times.h usability
configure:20132: g++ -c -g -O2  conftest.cpp >&5
configure:20138: $? = 0
configure:20152: result: yes
configure:20156: checking sys/times.h presence
configure:20171: g++ -E  conftest.cpp
configure:20177: $? = 0
configure:20191: result: yes
configure:20219: checking for sys/times.h
configure:20227: result: yes
configure:20115: checking ctype.h usability
configure:20132: g++ -c -g -O2  conftest.cpp >&5
configure:20138: $? = 0
configure:20152: result: yes
configure:20156: checking ctype.h presence
configure:20171: g++ -E  conftest.cpp
configure:20177: $? = 0
configure:20191: result: yes
configure:20219: checking for ctype.h
configure:20227: result: yes
configure:20105: checking for sys/types.h
configure:20111: result: yes
configure:20115: checking math.h usability
configure:20132: g++ -c -g -O2  conftest.cpp >&5
configure:20138: $? = 0
configure:20152: result: yes
configure:20156: checking math.h presence
configure:20171: g++ -E  conftest.cpp
configure:20177: $? = 0
configure:20191: result: yes
configure:20219: checking for math.h
configure:20227: result: yes
configure:20115: checking pthread.h usability
configure:20132: g++ -c -g -O2  conftest.cpp >&5
configure:20138: $? = 0
configure:20152: result: yes
configure:20156: checking pthread.h presence
configure:20171: g++ -E  conftest.cpp
configure:20177: $? = 0
configure:20191: result: yes
configure:20219: checking for pthread.h
configure:20227: result: yes
configure:20241: checking for size_t
configure:20271: g++ -c -g -O2  conftest.cpp >&5
configure:20277: $? = 0
configure:20292: result: yes
configure:20306: checking for pow in -lm
configure:20341: g++ -o conftest.exe -g -O2   conftest.cpp -lm   >&5
configure:20347: $? = 0
configure:20365: result: yes
configure:20377: checking for exp in -lm
configure:20412: g++ -o conftest.exe -g -O2   conftest.cpp -lm  -lm  >&5
configure:20418: $? = 0
configure:20436: result: yes
configure:20448: checking for log in -lm
configure:20483: g++ -o conftest.exe -g -O2   conftest.cpp -lm  -lm -lm  >&5
configure:20489: $? = 0
configure:20507: result: yes
configure:20519: checking for pthread_create in -lpthread
configure:20554: g++ -o conftest.exe -g -O2   conftest.cpp -lpthread  -lm -lm -lm  >&5
configure:20560: $? = 0
configure:20578: result: yes
configure:20590: checking for pthread_join in -lpthread
configure:20625: g++ -o conftest.exe -g -O2   conftest.cpp -lpthread  -lpthread -lm -lm -lm  >&5
configure:20631: $? = 0
configure:20649: result: yes
configure:20666: checking for stdlib.h
configure:20672: result: yes
configure:20666: checking for unistd.h
configure:20672: result: yes
configure:20805: checking for getpagesize
configure:20861: g++ -o conftest.exe -g -O2   conftest.cpp -lpthread -lpthread -lm -lm -lm  >&5
configure:20867: $? = 0
configure:20885: result: yes
configure:20895: checking for working mmap
configure:21042: g++ -o conftest.exe -g -O2   conftest.cpp -lpthread -lpthread -lm -lm -lm  >&5
configure:21045: $? = 0
configure:21051: ./conftest.exe
configure:21054: $? = 1
configure: program exited with status 1
configure: failed program was:
| /* confdefs.h.  */
| #define PACKAGE_NAME ""
| #define PACKAGE_TARNAME ""
| #define PACKAGE_VERSION ""
| #define PACKAGE_STRING ""
| #define PACKAGE_BUGREPORT ""
| #define PACKAGE "CRF++"
| #define VERSION "0.51"
| #define HAVE_SYS_TYPES_H 1
| #define HAVE_SYS_STAT_H 1
| #define HAVE_STDLIB_H 1
| #define HAVE_STRING_H 1
| #define HAVE_MEMORY_H 1
| #define HAVE_STRINGS_H 1
| #define HAVE_INTTYPES_H 1
| #define HAVE_STDINT_H 1
| #define HAVE_UNISTD_H 1
| #define HAVE_DLFCN_H 1
| #define HAVE_STRING_H 1
| #define HAVE_STDLIB_H 1
| #define HAVE_UNISTD_H 1
| #define HAVE_FCNTL_H 1
| #define HAVE_SYS_STAT_H 1
| #define HAVE_SYS_MMAN_H 1
| #define HAVE_SYS_TIMES_H 1
| #define HAVE_CTYPE_H 1
| #define HAVE_SYS_TYPES_H 1
| #define HAVE_MATH_H 1
| #define HAVE_PTHREAD_H 1
| #define HAVE_LIBM 1
| #define HAVE_LIBM 1
| #define HAVE_LIBM 1
| #define HAVE_LIBPTHREAD 1
| #define HAVE_LIBPTHREAD 1
| #define HAVE_STDLIB_H 1
| #define HAVE_UNISTD_H 1
| #define HAVE_GETPAGESIZE 1
| /* end confdefs.h.  */
| #include <stdio.h>
| #ifdef HAVE_SYS_TYPES_H
| # include <sys/types.h>
| #endif
| #ifdef HAVE_SYS_STAT_H
| # include <sys/stat.h>
| #endif
| #ifdef STDC_HEADERS
| # include <stdlib.h>
| # include <stddef.h>
| #else
| # ifdef HAVE_STDLIB_H
| #  include <stdlib.h>
| # endif
| #endif
| #ifdef HAVE_STRING_H
| # if !defined STDC_HEADERS && defined HAVE_MEMORY_H
| #  include <memory.h>
| # endif
| # include <string.h>
| #endif
| #ifdef HAVE_STRINGS_H
| # include <strings.h>
| #endif
| #ifdef HAVE_INTTYPES_H
| # include <inttypes.h>
| #endif
| #ifdef HAVE_STDINT_H
| # include <stdint.h>
| #endif
| #ifdef HAVE_UNISTD_H
| # include <unistd.h>
| #endif
| /* malloc might have been renamed as rpl_malloc. */
| #undef malloc
| 
| /* Thanks to Mike Haertel and Jim Avera for this test.
|    Here is a matrix of mmap possibilities:
| 	mmap private not fixed
| 	mmap private fixed at somewhere currently unmapped
| 	mmap private fixed at somewhere already mapped
| 	mmap shared not fixed
| 	mmap shared fixed at somewhere currently unmapped
| 	mmap shared fixed at somewhere already mapped
|    For private mappings, we should verify that changes cannot be read()
|    back from the file, nor mmap's back from the file at a different
|    address.  (There have been systems where private was not correctly
|    implemented like the infamous i386 svr4.0, and systems where the
|    VM page cache was not coherent with the file system buffer cache
|    like early versions of FreeBSD and possibly contemporary NetBSD.)
|    For shared mappings, we should conversely verify that changes get
|    propagated back to all the places they're supposed to be.
| 
|    Grep wants private fixed already mapped.
|    The main things grep needs to know about mmap are:
|    * does it exist and is it safe to write into the mmap'd area
|    * how to use it (BSD variants)  */
| 
| #include <fcntl.h>
| #include <sys/mman.h>
| 
| #if !defined STDC_HEADERS && !defined HAVE_STDLIB_H
| char *malloc ();
| #endif
| 
| /* This mess was copied from the GNU getpagesize.h.  */
| #ifndef HAVE_GETPAGESIZE
| /* Assume that all systems that can run configure have sys/param.h.  */
| # ifndef HAVE_SYS_PARAM_H
| #  define HAVE_SYS_PARAM_H 1
| # endif
| 
| # ifdef _SC_PAGESIZE
| #  define getpagesize() sysconf(_SC_PAGESIZE)
| # else /* no _SC_PAGESIZE */
| #  ifdef HAVE_SYS_PARAM_H
| #   include <sys/param.h>
| #   ifdef EXEC_PAGESIZE
| #    define getpagesize() EXEC_PAGESIZE
| #   else /* no EXEC_PAGESIZE */
| #    ifdef NBPG
| #     define getpagesize() NBPG * CLSIZE
| #     ifndef CLSIZE
| #      define CLSIZE 1
| #     endif /* no CLSIZE */
| #    else /* no NBPG */
| #     ifdef NBPC
| #      define getpagesize() NBPC
| #     else /* no NBPC */
| #      ifdef PAGESIZE
| #       define getpagesize() PAGESIZE
| #      endif /* PAGESIZE */
| #     endif /* no NBPC */
| #    endif /* no NBPG */
| #   endif /* no EXEC_PAGESIZE */
| #  else /* no HAVE_SYS_PARAM_H */
| #   define getpagesize() 8192	/* punt totally */
| #  endif /* no HAVE_SYS_PARAM_H */
| # endif /* no _SC_PAGESIZE */
| 
| #endif /* no HAVE_GETPAGESIZE */
| 
| int
| main ()
| {
|   char *data, *data2, *data3;
|   int i, pagesize;
|   int fd;
| 
|   pagesize = getpagesize ();
| 
|   /* First, make a file with some known garbage in it. */
|   data = (char *) malloc (pagesize);
|   if (!data)
|     return 1;
|   for (i = 0; i < pagesize; ++i)
|     *(data + i) = rand ();
|   umask (0);
|   fd = creat ("conftest.mmap", 0600);
|   if (fd < 0)
|     return 1;
|   if (write (fd, data, pagesize) != pagesize)
|     return 1;
|   close (fd);
| 
|   /* Next, try to mmap the file at a fixed address which already has
|      something else allocated at it.  If we can, also make sure that
|      we see the same garbage.  */
|   fd = open ("conftest.mmap", O_RDWR);
|   if (fd < 0)
|     return 1;
|   data2 = (char *) malloc (2 * pagesize);
|   if (!data2)
|     return 1;
|   data2 += (pagesize - ((long int) data2 & (pagesize - 1))) & (pagesize - 1);
|   if (data2 != mmap (data2, pagesize, PROT_READ | PROT_WRITE,
| 		     MAP_PRIVATE | MAP_FIXED, fd, 0L))
|     return 1;
|   for (i = 0; i < pagesize; ++i)
|     if (*(data + i) != *(data2 + i))
|       return 1;
| 
|   /* Finally, make sure that changes to the mapped area do not
|      percolate back to the file as seen by read().  (This is a bug on
|      some variants of i386 svr4.0.)  */
|   for (i = 0; i < pagesize; ++i)
|     *(data2 + i) = *(data2 + i) + 1;
|   data3 = (char *) malloc (pagesize);
|   if (!data3)
|     return 1;
|   if (read (fd, data3, pagesize) != pagesize)
|     return 1;
|   for (i = 0; i < pagesize; ++i)
|     if (*(data + i) != *(data3 + i))
|       return 1;
|   close (fd);
|   return 0;
| }
configure:21070: result: no
configure:21082: checking whether make is GNU Make
configure:21085: result: yes
configure:21116: checking whether gcc accepts -mieee-fp
configure:21148: gcc -o conftest.exe -O3 -Wall -Wno-deprecated -mieee-fp   conftest.c -lpthread -lpthread -lm -lm -lm  >&5
cc1: warning: command line option "-Wno-deprecated" is valid for C++/Java/ObjC++ but not for C
configure:21154: $? = 0
configure:21160: result:  ok, adding -mieee-fp to CFLAGS
configure:21179: checking whether g++ accepts -mieee-fp
configure:21211: g++ -o conftest.exe -O3 -Wall -Wno-deprecated -mieee-fp   conftest.cpp -lpthread -lpthread -lm -lm -lm  >&5
configure:21217: $? = 0
configure:21223: result:  ok, adding -mieee-fp to CXXFLAGS
configure:21503: checking if g++ supports stl <string> (required)
configure:21530: g++ -c -O3 -Wall -Wno-deprecated -mieee-fp  conftest.cpp >&5
configure:21536: $? = 0
configure:21556: result: yes
configure:21560: checking if g++ supports stl <vector> (required)
configure:21587: g++ -c -O3 -Wall -Wno-deprecated -mieee-fp  conftest.cpp >&5
configure:21593: $? = 0
configure:21613: result: yes
configure:21617: checking if g++ supports stl <map> (required)
configure:21644: g++ -c -O3 -Wall -Wno-deprecated -mieee-fp  conftest.cpp >&5
configure:21650: $? = 0
configure:21670: result: yes
configure:21674: checking if g++ supports stl <set> (required)
configure:21701: g++ -c -O3 -Wall -Wno-deprecated -mieee-fp  conftest.cpp >&5
configure:21707: $? = 0
configure:21727: result: yes
configure:21731: checking if g++ supports stl <iostream> (required)
configure:21758: g++ -c -O3 -Wall -Wno-deprecated -mieee-fp  conftest.cpp >&5
configure:21764: $? = 0
configure:21784: result: yes
configure:21788: checking if g++ supports stl <fstream> (required)
configure:21815: g++ -c -O3 -Wall -Wno-deprecated -mieee-fp  conftest.cpp >&5
configure:21821: $? = 0
configure:21841: result: yes
configure:21845: checking if g++ supports stl <sstream> (required)
configure:21872: g++ -c -O3 -Wall -Wno-deprecated -mieee-fp  conftest.cpp >&5
configure:21878: $? = 0
configure:21898: result: yes
configure:21902: checking if g++ supports stl <stdexcept> (required)
configure:21929: g++ -c -O3 -Wall -Wno-deprecated -mieee-fp  conftest.cpp >&5
configure:21935: $? = 0
configure:21955: result: yes
configure:21960: checking if g++ supports template <class T> (required)
configure:21989: g++ -c -O3 -Wall -Wno-deprecated -mieee-fp  conftest.cpp >&5
configure:21995: $? = 0
configure:22015: result: yes
configure:22019: checking if g++ supports const_cast<> (required)
configure:22047: g++ -c -O3 -Wall -Wno-deprecated -mieee-fp  conftest.cpp >&5
conftest.cpp: In function `int main()':
conftest.cpp:47: warning: unused variable 'c1'
configure:22053: $? = 0
configure:22073: result: yes
configure:22077: checking if g++ supports static_cast<> (required)
configure:22105: g++ -c -O3 -Wall -Wno-deprecated -mieee-fp  conftest.cpp >&5
conftest.cpp: In function `int main()':
conftest.cpp:47: warning: unused variable 'c1'
configure:22111: $? = 0
configure:22131: result: yes
configure:22135: checking if g++ supports dynamic_cast<> (required)
configure:22164: g++ -c -O3 -Wall -Wno-deprecated -mieee-fp  conftest.cpp >&5
conftest.cpp: In function `int main()':
conftest.cpp:48: warning: unused variable 'c1'
configure:22170: $? = 0
configure:22190: result: yes
configure:22194: checking if g++ supports exception handler (required)
configure:22228: g++ -c -O3 -Wall -Wno-deprecated -mieee-fp  conftest.cpp >&5
conftest.cpp: In function `int main()':
conftest.cpp:47: warning: unused variable 'i'
configure:22234: $? = 0
configure:22254: result: yes
configure:22258: checking if g++ supports namespaces (required) 
configure:22286: g++ -c -O3 -Wall -Wno-deprecated -mieee-fp  conftest.cpp >&5
conftest.cpp: In function `int main()':
conftest.cpp:47: warning: unused variable 'a'
configure:22292: $? = 0
configure:22311: result: yes
configure:22314: checking if g++ environment provides all required features
configure:22325: result: yes
configure:22454: creating ./config.status

## ---------------------- ##
## Running config.status. ##
## ---------------------- ##

This file was extended by config.status, which was
generated by GNU Autoconf 2.61.  Invocation command line was

  CONFIG_FILES    = 
  CONFIG_HEADERS  = 
  CONFIG_LINKS    = 
  CONFIG_COMMANDS = 
  $ ./config.status 

on sallyhlt

config.status:666: creating Makefile
config.status:666: creating Makefile.msvc
config.status:666: creating swig/version.h
config.status:666: creating config.h
config.status:955: executing depfiles commands

## ---------------- ##
## Cache variables. ##
## ---------------- ##

ac_cv_build=i686-pc-cygwin
ac_cv_c_compiler_gnu=yes
ac_cv_cxx_compiler_gnu=yes
ac_cv_env_CCC_set=
ac_cv_env_CCC_value=
ac_cv_env_CC_set=
ac_cv_env_CC_value=
ac_cv_env_CFLAGS_set=
ac_cv_env_CFLAGS_value=
ac_cv_env_CPPFLAGS_set=
ac_cv_env_CPPFLAGS_value=
ac_cv_env_CPP_set=
ac_cv_env_CPP_value=
ac_cv_env_CXXCPP_set=
ac_cv_env_CXXCPP_value=
ac_cv_env_CXXFLAGS_set=
ac_cv_env_CXXFLAGS_value=
ac_cv_env_CXX_set=
ac_cv_env_CXX_value=
ac_cv_env_F77_set=
ac_cv_env_F77_value=
ac_cv_env_FFLAGS_set=
ac_cv_env_FFLAGS_value=
ac_cv_env_LDFLAGS_set=
ac_cv_env_LDFLAGS_value=
ac_cv_env_LIBS_set=
ac_cv_env_LIBS_value=
ac_cv_env_build_alias_set=
ac_cv_env_build_alias_value=
ac_cv_env_host_alias_set=
ac_cv_env_host_alias_value=
ac_cv_env_target_alias_set=
ac_cv_env_target_alias_value=
ac_cv_exeext=.exe
ac_cv_f77_compiler_gnu=yes
ac_cv_func_getpagesize=yes
ac_cv_func_mmap_fixed_mapped=no
ac_cv_header_ctype_h=yes
ac_cv_header_dlfcn_h=yes
ac_cv_header_fcntl_h=yes
ac_cv_header_inttypes_h=yes
ac_cv_header_math_h=yes
ac_cv_header_memory_h=yes
ac_cv_header_pthread_h=yes
ac_cv_header_stdc=no
ac_cv_header_stdint_h=yes
ac_cv_header_stdlib_h=yes
ac_cv_header_string_h=yes
ac_cv_header_strings_h=yes
ac_cv_header_sys_mman_h=yes
ac_cv_header_sys_stat_h=yes
ac_cv_header_sys_times_h=yes
ac_cv_header_sys_types_h=yes
ac_cv_header_unistd_h=yes
ac_cv_host=i686-pc-cygwin
ac_cv_lib_m_exp=yes
ac_cv_lib_m_log=yes
ac_cv_lib_m_pow=yes
ac_cv_lib_pthread_pthread_create=yes
ac_cv_lib_pthread_pthread_join=yes
ac_cv_objext=o
ac_cv_path_EGREP='/usr/bin/grep -E'
ac_cv_path_GREP=/usr/bin/grep
ac_cv_path_install='/usr/bin/install -c'
ac_cv_path_mkdir=/usr/bin/mkdir
ac_cv_prog_AWK=gawk
ac_cv_prog_CPP='gcc -E'
ac_cv_prog_CXXCPP='g++ -E'
ac_cv_prog_ac_ct_AR=ar
ac_cv_prog_ac_ct_CC=gcc
ac_cv_prog_ac_ct_CXX=g++
ac_cv_prog_ac_ct_F77=g77
ac_cv_prog_ac_ct_RANLIB=ranlib
ac_cv_prog_ac_ct_STRIP=strip
ac_cv_prog_cc_c89=
ac_cv_prog_cc_g=yes
ac_cv_prog_cxx_g=yes
ac_cv_prog_f77_g=yes
ac_cv_prog_gcc_traditional=no
ac_cv_prog_make_make_set=yes
ac_cv_search_strerror='none required'
ac_cv_type_size_t=yes
am_cv_CC_dependencies_compiler_type=gcc3
am_cv_CXX_dependencies_compiler_type=gcc3
lt_cv_deplibs_check_method='file_magic ^x86 archive import|^x86 DLL'
lt_cv_file_magic_cmd=func_win32_libid
lt_cv_file_magic_test_file=
lt_cv_ld_reload_flag=-r
lt_cv_objdir=.libs
lt_cv_path_LD=/usr/i686-pc-cygwin/bin/ld.exe
lt_cv_path_LDCXX=/usr/i686-pc-cygwin/bin/ld.exe
lt_cv_path_NM='/usr/bin/nm -B'
lt_cv_path_SED=/usr/bin/sed
lt_cv_prog_compiler_c_o=yes
lt_cv_prog_compiler_c_o_CXX=yes
lt_cv_prog_compiler_c_o_F77=yes
lt_cv_prog_compiler_pic_works=yes
lt_cv_prog_compiler_pic_works_CXX=yes
lt_cv_prog_compiler_pic_works_F77=yes
lt_cv_prog_compiler_rtti_exceptions=no
lt_cv_prog_compiler_static_works=yes
lt_cv_prog_compiler_static_works_CXX=yes
lt_cv_prog_compiler_static_works_F77=yes
lt_cv_prog_gnu_ld=yes
lt_cv_prog_gnu_ldcxx=yes
lt_cv_sys_global_symbol_pipe='sed -n -e '\''s/^.*[ 	]\([ABCDGIRSTW][ABCDGIRSTW]*\)[ 	][ 	]*_\([_A-Za-z][_A-Za-z0-9]*\)$/\1 _\2 \2/p'\'''
lt_cv_sys_global_symbol_to_c_name_address='sed -n -e '\''s/^: \([^ ]*\) $/  {\"\1\", (lt_ptr) 0},/p'\'' -e '\''s/^[BCDEGRST] \([^ ]*\) \([^ ]*\)$/  {"\2", (lt_ptr) \&\2},/p'\'''
lt_cv_sys_global_symbol_to_cdecl='sed -n -e '\''s/^. .* \(.*\)$/extern int \1;/p'\'''
lt_cv_sys_lib_dlsearch_path_spec='/lib /usr/lib'
lt_cv_sys_lib_search_path_spec='/usr/lib /lib/w32api /lib /usr/local/lib'
lt_cv_sys_max_cmd_len=8192
lt_lt_cv_prog_compiler_c_o='"yes"'
lt_lt_cv_prog_compiler_c_o_CXX='"yes"'
lt_lt_cv_prog_compiler_c_o_F77='"yes"'
lt_lt_cv_sys_global_symbol_pipe='"sed -n -e '\''s/^.*[ 	]\\([ABCDGIRSTW][ABCDGIRSTW]*\\)[ 	][ 	]*_\\([_A-Za-z][_A-Za-z0-9]*\\)\$/\\1 _\\2 \\2/p'\''"'
lt_lt_cv_sys_global_symbol_to_c_name_address='"sed -n -e '\''s/^: \\([^ ]*\\) \$/  {\\\"\\1\\\", (lt_ptr) 0},/p'\'' -e '\''s/^[BCDEGRST] \\([^ ]*\\) \\([^ ]*\\)\$/  {\"\\2\", (lt_ptr) \\&\\2},/p'\''"'
lt_lt_cv_sys_global_symbol_to_cdecl='"sed -n -e '\''s/^. .* \\(.*\\)\$/extern int \\1;/p'\''"'

## ----------------- ##
## Output variables. ##
## ----------------- ##

ACLOCAL='${SHELL} /cygdrive/c/projekty/crf_pp/src/missing --run aclocal-1.10'
AMDEPBACKSLASH='\'
AMDEP_FALSE='#'
AMDEP_TRUE=''
AMTAR='${SHELL} /cygdrive/c/projekty/crf_pp/src/missing --run tar'
AR='ar'
AUTOCONF='${SHELL} /cygdrive/c/projekty/crf_pp/src/missing --run autoconf'
AUTOHEADER='${SHELL} /cygdrive/c/projekty/crf_pp/src/missing --run autoheader'
AUTOMAKE='${SHELL} /cygdrive/c/projekty/crf_pp/src/missing --run automake-1.10'
AWK='gawk'
CC='gcc'
CCDEPMODE='depmode=gcc3'
CFLAGS='-O3 -Wall -Wno-deprecated -mieee-fp'
CPP='gcc -E'
CPPFLAGS=''
CXX='g++'
CXXCPP='g++ -E'
CXXDEPMODE='depmode=gcc3'
CXXFLAGS='-O3 -Wall -Wno-deprecated -mieee-fp'
CYGPATH_W='cygpath -w'
DEFS='-DHAVE_CONFIG_H'
DEPDIR='.deps'
DSYMUTIL=''
ECHO='echo'
ECHO_C=''
ECHO_N='-n'
ECHO_T=''
EGREP='/usr/bin/grep -E'
EXEEXT='.exe'
F77='g77'
FFLAGS='-g -O2'
GREP='/usr/bin/grep'
INSTALL_DATA='${INSTALL} -m 644'
INSTALL_PROGRAM='${INSTALL}'
INSTALL_SCRIPT='${INSTALL}'
INSTALL_STRIP_PROGRAM='$(install_sh) -c -s'
LDFLAGS=''
LIBOBJS=''
LIBS='-lpthread -lpthread -lm -lm -lm '
LIBTOOL='$(SHELL) $(top_builddir)/libtool'
LN_S='ln -s'
LTLIBOBJS=''
MAKEINFO='${SHELL} /cygdrive/c/projekty/crf_pp/src/missing --run makeinfo'
NMEDIT=''
OBJEXT='o'
PACKAGE='CRF++'
PACKAGE_BUGREPORT=''
PACKAGE_NAME=''
PACKAGE_STRING=''
PACKAGE_TARNAME=''
PACKAGE_VERSION=''
PATH_SEPARATOR=':'
RANLIB='ranlib'
SED='/usr/bin/sed'
SET_MAKE=''
SHELL='/bin/sh'
STRIP='strip'
VERSION='0.51'
ac_ct_CC='gcc'
ac_ct_CXX='g++'
ac_ct_F77='g77'
am__fastdepCC_FALSE='#'
am__fastdepCC_TRUE=''
am__fastdepCXX_FALSE='#'
am__fastdepCXX_TRUE=''
am__include='include'
am__isrc=''
am__leading_dot='.'
am__quote=''
am__tar='${AMTAR} chof - "$$tardir"'
am__untar='${AMTAR} xf -'
bindir='${exec_prefix}/bin'
build='i686-pc-cygwin'
build_alias=''
build_cpu='i686'
build_os='cygwin'
build_vendor='pc'
datadir='${datarootdir}'
datarootdir='${prefix}/share'
docdir='${datarootdir}/doc/${PACKAGE}'
dvidir='${docdir}'
exec_prefix='${prefix}'
host='i686-pc-cygwin'
host_alias=''
host_cpu='i686'
host_os='cygwin'
host_vendor='pc'
htmldir='${docdir}'
includedir='${prefix}/include'
infodir='${datarootdir}/info'
install_sh='$(SHELL) /cygdrive/c/projekty/crf_pp/src/install-sh'
libdir='${exec_prefix}/lib'
libexecdir='${exec_prefix}/libexec'
localedir='${datarootdir}/locale'
localstatedir='${prefix}/var'
mandir='${datarootdir}/man'
mkdir_p='/usr/bin/mkdir -p'
oldincludedir='/usr/include'
pdfdir='${docdir}'
prefix='/usr/local'
program_transform_name='s,x,x,'
psdir='${docdir}'
sbindir='${exec_prefix}/sbin'
sharedstatedir='${prefix}/com'
sysconfdir='${prefix}/etc'
target_alias=''

## ----------- ##
## confdefs.h. ##
## ----------- ##

#define PACKAGE_NAME ""
#define PACKAGE_TARNAME ""
#define PACKAGE_VERSION ""
#define PACKAGE_STRING ""
#define PACKAGE_BUGREPORT ""
#define PACKAGE "CRF++"
#define VERSION "0.51"
#define HAVE_SYS_TYPES_H 1
#define HAVE_SYS_STAT_H 1
#define HAVE_STDLIB_H 1
#define HAVE_STRING_H 1
#define HAVE_MEMORY_H 1
#define HAVE_STRINGS_H 1
#define HAVE_INTTYPES_H 1
#define HAVE_STDINT_H 1
#define HAVE_UNISTD_H 1
#define HAVE_DLFCN_H 1
#define HAVE_STRING_H 1
#define HAVE_STDLIB_H 1
#define HAVE_UNISTD_H 1
#define HAVE_FCNTL_H 1
#define HAVE_SYS_STAT_H 1
#define HAVE_SYS_MMAN_H 1
#define HAVE_SYS_TIMES_H 1
#define HAVE_CTYPE_H 1
#define HAVE_SYS_TYPES_H 1
#define HAVE_MATH_H 1
#define HAVE_PTHREAD_H 1
#define HAVE_LIBM 1
#define HAVE_LIBM 1
#define HAVE_LIBM 1
#define HAVE_LIBPTHREAD 1
#define HAVE_LIBPTHREAD 1
#define HAVE_STDLIB_H 1
#define HAVE_UNISTD_H 1
#define HAVE_GETPAGESIZE 1

configure: exit 0
